  54.500000   57.500000    7.000000   13.000000    0.100000    0.200000
    0.3937    0.3937    0.3937    0.3937    0.3937    0.3937    0.3937    0.3937
    0.3937    0.3937    0.3937    0.3937    0.3937    0.3937    0.3937    0.3937
    0.3937    0.3937    0.3937    0.3937    0.3937    0.3937    0.3937    0.3937
    0.3937    0.3937    0.3937    0.3937    0.3937    0.3937    0.3937
    0.3937    0.3937    0.3937    0.3937    0.3937    0.3937    0.3937    0.3937
    0.3937    0.3937    0.3937    0.3937    0.3937    0.3937    0.3937    0.3937
    0.3937    0.3937    0.3937    0.3937    0.3937    0.3937    0.3937    0.3937
    0.3937    0.3937    0.3937    0.3937    0.3937    0.3937    0.3937
    0.3937    0.3937    0.3937    0.3937    0.3937    0.3937    0.3937    0.3937
    0.3937    0.3937    0.3937    0.3937    0.3937    0.3937    0.3937    0.3937
    0.3937    0.3937    0.3937    0.3937    0.3937    0.3937    0.3937    0.3937
    0.3937    0.3937    0.3937    0.3937    0.3937    0.3937    0.3937
    0.3937    0.3937    0.3937    0.3937    0.3937    0.3937    0.3937    0.3937
    0.3937    0.3937    0.3937    0.3937    0.3937    0.3937    0.3937    0.3937
    0.3937    0.3937    0.3937    0.3937    0.3937    0.3937    0.3937    0.3937
    0.3937    0.3937    0.3937    0.3937    0.3937    0.3937    0.3937
    0.3937    0.3937    0.3937    0.3937    0.3937    0.3937    0.3937    0.3937
    0.3937    0.3937    0.3937    0.3937    0.3937    0.3937    0.3937    0.3937
    0.3937    0.3937    0.3937    0.3937    0.3937    0.3937    0.3937    0.3937
    0.3937    0.3937    0.3937    0.3937    0.3937    0.3937    0.3937
    0.3937    0.3937    0.3937    0.3937    0.3937    0.3937    0.3937    0.3937
    0.3937    0.3937    0.3937    0.3937    0.3937    0.3937    0.3937    0.3937
    0.3937    0.3937    0.3937    0.3937    0.3937    0.3937    0.3937    0.3937
    0.3937    0.3937    0.3937    0.3937    0.3937    0.3937    0.3937
    0.3937    0.3937    0.3937    0.3937    0.3937    0.3937    0.3937    0.3937
    0.3937    0.3937    0.3937    0.3937    0.3937    0.3937    0.3937    0.3937
    0.3937    0.3937    0.3937    0.3937    0.3937    0.3937    0.3937    0.3937
    0.3937    0.3937    0.3937    0.3937    0.3937    0.3937    0.3937
    0.3937    0.3937    0.3937    0.3937    0.3937    0.3937    0.3937    0.3937
    0.3937    0.3937    0.3937    0.3937    0.3937    0.3937    0.3937    0.3937
    0.3937    0.3937    0.3937    0.3937    0.3937    0.3937    0.3937    0.3937
    0.3937    0.3937    0.3937    0.3937    0.3937    0.3937    0.3937
    0.3937    0.3937    0.3937    0.3937    0.3937    0.3937    0.3937    0.3937
    0.3937    0.3937    0.3937    0.3937    0.3937    0.3937    0.3937    0.3937
    0.3937    0.3937    0.3937    0.3937    0.3937    0.3937    0.3937    0.3937
    0.3937    0.3937    0.3937    0.3937    0.3937    0.3937    0.3937
    0.3937    0.3937    0.3937    0.3937    0.3937    0.3937    0.3937    0.3937
    0.3937    0.3937    0.3937    0.3937    0.3937    0.3937    0.3937    0.3937
    0.3937    0.3937    0.3937    0.3937    0.3937    0.3937    0.3937    0.3937
    0.3937    0.3937    0.3937    0.3937    0.3937    0.3937    0.3937
    0.3937    0.3937    0.3937    0.3937    0.3937    0.3937    0.3937    0.3937
    0.3937    0.3937    0.3937    0.3937    0.3937    0.3937    0.3937    0.3937
    0.3937    0.3937    0.3937    0.3937    0.3937    0.3937    0.3937    0.3937
    0.3937    0.3937    0.3937    0.3937    0.3937    0.3937    0.3937
    0.3937    0.3937    0.3937    0.3937    0.3937    0.3937    0.3937    0.3937
    0.3937    0.3937    0.3937    0.3937    0.3937    0.3937    0.3937    0.3937
    0.3937    0.3937    0.3937    0.3937    0.3937    0.3937    0.3937    0.3937
    0.3937    0.3937    0.3937    0.3937    0.3937    0.3937    0.3937
    0.3937    0.3937    0.3937    0.3937    0.3937    0.3937    0.3937    0.3937
    0.3937    0.3937    0.3937    0.3937    0.3937    0.3937    0.3937    0.3937
    0.3937    0.3937    0.3937    0.3937    0.3937    0.3937    0.3937    0.3937
    0.3937    0.3937    0.3937    0.3937    0.3937    0.3937    0.3937
    0.3937    0.3937    0.3937    0.3937    0.3937    0.3937    0.3937    0.3937
    0.3937    0.3937    0.3937    0.3937    0.3937    0.3937    0.3937    0.3937
    0.3937    0.3937    0.3937    0.3937    0.3937    0.3937    0.3937    0.3937
    0.3937    0.3937    0.3937    0.3937    0.3937    0.3937    0.3937
    0.3937    0.3937    0.3937    0.3937    0.3937    0.3937    0.3937    0.3937
    0.3937    0.3937    0.3937    0.3937    0.3937    0.3937    0.3937    0.3937
    0.3937    0.3937    0.3937    0.3937    0.3937    0.3937    0.3937    0.3937
    0.3937    0.3937    0.3937    0.3937    0.3937    0.3937    0.3937
    0.3937    0.3937    0.3937    0.3937    0.3937    0.3937    0.3937    0.3937
    0.3937    0.3937    0.3937    0.3937    0.3937    0.3937    0.3937    0.3937
    0.3937    0.3937    0.3937    0.3937    0.3937    0.3937    0.3937    0.3937
    0.3937    0.3937    0.3937    0.3937    0.3937    0.3937    0.3937
    0.3937    0.3937    0.3937    0.3937    0.3937    0.3937    0.3937    0.3937
    0.3937    0.3937    0.3937    0.3937    0.3937    0.3937    0.3937    0.3937
    0.3937    0.3937    0.3937    0.3937    0.3937    0.3937    0.3937    0.3937
    0.3937    0.3937    0.3937    0.3937    0.3937    0.3937    0.3937
    0.3937    0.3937    0.3937    0.3937    0.3937    0.3937    0.3937    0.3937
    0.3937    0.3937    0.3937    0.3937    0.3937    0.3937    0.3937    0.3937
    0.3937    0.3937    0.3937    0.3937    0.3937    0.3937    0.3937    0.3937
    0.3937    0.3937    0.3937    0.3937    0.3937    0.3937    0.3937
    0.3937    0.3937    0.3937    0.3937    0.3937    0.3937    0.3937    0.3937
    0.3937    0.3937    0.3937    0.3937    0.3937    0.3937    0.3937    0.3937
    0.3937    0.3937    0.3937    0.3937    0.3937    0.3937    0.3937    0.3937
    0.3937    0.3937    0.3937    0.3937    0.3937    0.3937    0.3937
    0.3937    0.3937    0.3937    0.3937    0.3937    0.3937    0.3937    0.3937
    0.3937    0.3937    0.3937    0.3937    0.3937    0.3937    0.3937    0.3937
    0.3937    0.3937    0.3937    0.3937    0.3937    0.3937    0.3937    0.3937
    0.3937    0.3937    0.3937    0.3937    0.3937    0.3937    0.3937
    0.3937    0.3937    0.3937    0.3937    0.3937    0.3937    0.3937    0.3937
    0.3937    0.3937    0.3937    0.3937    0.3937    0.3937    0.3937    0.3937
    0.3937    0.3937    0.3937    0.3937    0.3937    0.3937    0.3937    0.3937
    0.3937    0.3937    0.3937    0.3937    0.3937    0.3937    0.3937
    0.3937    0.3937    0.3937    0.3937    0.3937    0.3937    0.3937    0.3937
    0.3937    0.3937    0.3937    0.3937    0.3937    0.3937    0.3937    0.3937
    0.3937    0.3937    0.3937    0.3937    0.3937    0.3937    0.3937    0.3937
    0.3937    0.3937    0.3937    0.3937    0.3937    0.3937    0.3937
    0.3937    0.3937    0.3937    0.3937    0.3937    0.3937    0.3937    0.3937
    0.3937    0.3937    0.3937    0.3937    0.3937    0.3937    0.3937    0.3937
    0.3937    0.3937    0.3937    0.3937    0.3937    0.3937    0.3937    0.3937
    0.3937    0.3937    0.3937    0.3937    0.3937    0.3937    0.3937
    0.3937    0.3937    0.3937    0.3937    0.3937    0.3937    0.3937    0.3937
    0.3937    0.3937    0.3937    0.3937    0.3937    0.3937    0.3937    0.3937
    0.3937    0.3937    0.3937    0.3937    0.3937    0.3937    0.3937    0.3937
    0.3937    0.3937    0.3937    0.3937    0.3937    0.3937    0.3937
    0.3937    0.3937    0.3937    0.3937    0.3937    0.3937    0.3937    0.3937
    0.3937    0.3937    0.3937    0.3937    0.3937    0.3937    0.3937    0.3937
    0.3937    0.3937    0.3937    0.3937    0.3937    0.3937    0.3937    0.3937
    0.3937    0.3937    0.3937    0.3937    0.3937    0.3937    0.3937
    0.3937    0.3937    0.3937    0.3937    0.3937    0.3937    0.3937    0.3937
    0.3937    0.3937    0.3937    0.3937    0.3937    0.3937    0.3937    0.3937
    0.3937    0.3937    0.3937    0.3937    0.3937    0.3937    0.3937    0.3937
    0.3937    0.3937    0.3937    0.3937    0.3937    0.3937    0.3937
    0.3937    0.3937    0.3937    0.3937    0.3937    0.3937    0.3937    0.3937
    0.3937    0.3937    0.3937    0.3937    0.3937    0.3937    0.3937    0.3937
    0.3937    0.3937    0.3937    0.3937    0.3937    0.3937    0.3937    0.3937
    0.3937    0.3937    0.3937    0.3937    0.3937    0.3937    0.3937
    0.3937    0.3937    0.3937    0.3937    0.3937    0.3937    0.3937    0.3937
    0.3937    0.3937    0.3937    0.3937    0.3937    0.3937    0.3937    0.3937
    0.3937    0.3937    0.3937    0.3937    0.3937    0.3937    0.3937    0.3937
    0.3937    0.3937    0.3937    0.3937    0.3937    0.3937    0.3937
    0.3937    0.3937    0.3937    0.3937    0.3937    0.3937    0.3937    0.3937
    0.3937    0.3937    0.3937    0.3937    0.3937    0.3937    0.3937    0.3937
    0.3937    0.3937    0.3937    0.3937    0.3937    0.3937    0.3937    0.3937
    0.3937    0.3937    0.3937    0.3937    0.3937    0.3937    0.3937
    0.3937    0.3937    0.3937    0.3937    0.3937    0.3937    0.3937    0.3937
    0.3937    0.3937    0.3937    0.3937    0.3937    0.3937    0.3937    0.3937
    0.3937    0.3937    0.3937    0.3937    0.3937    0.3937    0.3937    0.3937
    0.3937    0.3937    0.3937    0.3937    0.3937    0.3937    0.3937
    0.3937    0.3937    0.3937    0.3937    0.3937    0.3937    0.3937    0.3937
    0.3937    0.3937    0.3937    0.3937    0.3937    0.3937    0.3937    0.3937
    0.3937    0.3937    0.3937    0.3937    0.3937    0.3937    0.3937    0.3937
    0.3937    0.3937    0.3937    0.3937    0.3937    0.3937    0.3937
